<?xml version="1.0" encoding="UTF-8"?>
<!-- Generated by org.testng.reporters.JUnitXMLReporter -->
<testsuite ignored="0" hostname="QSP" failures="1" tests="2" name="Test" time="37.75" errors="0" timestamp="2021-11-12T07:40:26 IST">
  <testcase classname="testng.Testcase1" name="tc1" time="2.358">
    <failure type="java.lang.AssertionError" message="The following asserts failed:
	expected [l7r8r7gygygyyuyu] but found [Facebook – log in or sign up]">
      <![CDATA[java.lang.AssertionError: The following asserts failed:
expected [l7r8r7gygygyyuyu] but found [Facebook – log in or sign up]
at testng.Testcase1.tc1(Testcase1.java:42)
at java.base/java.util.ArrayList.forEach(ArrayList.java:1511)
... Removed 29 stack frames]]>
    </failure>
  </testcase> <!-- tc1 -->
  <testcase classname="testng.Testcase2" name="tc2" time="6.049"/>
</testsuite> <!-- Test -->
